2022-02-05 12:21:51,927 INFO org.hibernate.validator.internal.util.Version [background-preinit] HV000001: Hibernate Validator 6.2.0.Final
2022-02-05 12:21:51,957 INFO org.springframework.boot.StartupInfoLogger [main] Starting OnlineServiceApplication using Java 17 on DESKTOP-0Q1PSO0 with PID 880 (D:\PRAGRAMMING\Codes\java\io\OnlineService\target\classes started by Arash in D:\PRAGRAMMING\Codes\java\io\OnlineService)
2022-02-05 12:21:51,962 DEBUG org.springframework.boot.StartupInfoLogger [main] Running with Spring Boot v2.6.2, Spring v5.3.14
2022-02-05 12:21:51,962 INFO org.springframework.boot.SpringApplication [main] No active profile set, falling back to default profiles: default
2022-02-05 12:21:54,747 INFO org.springframework.data.repository.config.RepositoryConfigurationDelegate [main] Bootstrapping Spring Data JPA repositories in DEFAULT mode.
2022-02-05 12:21:55,107 INFO org.springframework.data.repository.config.RepositoryConfigurationDelegate [main] Finished Spring Data repository scanning in 338 ms. Found 11 JPA repository interfaces.
2022-02-05 12:21:56,827 INFO org.springframework.boot.web.embedded.tomcat.TomcatWebServer [main] Tomcat initialized with port(s): 8080 (http)
2022-02-05 12:21:56,847 INFO org.apache.juli.logging.DirectJDKLog [main] Initializing ProtocolHandler ["http-nio-8080"]
2022-02-05 12:21:56,847 INFO org.apache.juli.logging.DirectJDKLog [main] Starting service [Tomcat]
2022-02-05 12:21:56,847 INFO org.apache.juli.logging.DirectJDKLog [main] Starting Servlet engine: [Apache Tomcat/9.0.56]
2022-02-05 12:21:57,519 INFO org.apache.juli.logging.DirectJDKLog [main] At least one JAR was scanned for TLDs yet contained no TLDs. Enable debug logging for this logger for a complete list of JARs that were scanned but no TLDs were found in them. Skipping unneeded JARs during scanning can improve startup time and JSP compilation time.
2022-02-05 12:21:57,549 INFO org.apache.juli.logging.DirectJDKLog [main] Initializing Spring embedded WebApplicationContext
2022-02-05 12:21:57,549 INFO org.springframework.boot.web.servlet.context.ServletWebServerApplicationContext [main] Root WebApplicationContext: initialization completed in 5498 ms
2022-02-05 12:21:57,919 INFO org.hibernate.jpa.internal.util.LogHelper [main] HHH000204: Processing PersistenceUnitInfo [name: default]
2022-02-05 12:21:58,007 INFO org.hibernate.Version [main] HHH000412: Hibernate ORM core version 5.6.3.Final
2022-02-05 12:21:58,237 INFO org.hibernate.annotations.common.reflection.java.JavaReflectionManager [main] HCANN000001: Hibernate Commons Annotations {5.1.2.Final}
2022-02-05 12:21:58,417 WARN com.zaxxer.hikari.HikariConfig [main] HikariPool-1 - idleTimeout has been set but has no effect because the pool is operating as a fixed size pool.
2022-02-05 12:21:58,417 INFO com.zaxxer.hikari.HikariDataSource [main] HikariPool-1 - Starting...
2022-02-05 12:21:59,067 INFO com.zaxxer.hikari.HikariDataSource [main] HikariPool-1 - Start completed.
2022-02-05 12:21:59,097 INFO org.hibernate.dialect.Dialect [main] HHH000400: Using dialect: org.hibernate.dialect.MySQL5InnoDBDialect
2022-02-05 12:22:03,397 INFO org.hibernate.engine.transaction.jta.platform.internal.JtaPlatformInitiator [main] HHH000490: Using JtaPlatform implementation: [org.hibernate.engine.transaction.jta.platform.internal.NoJtaPlatform]
2022-02-05 12:22:03,427 INFO org.springframework.orm.jpa.AbstractEntityManagerFactoryBean [main] Initialized JPA EntityManagerFactory for persistence unit 'default'
2022-02-05 12:22:04,562 WARN org.springframework.boot.autoconfigure.orm.jpa.JpaBaseConfiguration$JpaWebConfiguration [main] spring.jpa.open-in-view is enabled by default. Therefore, database queries may be performed during view rendering. Explicitly configure spring.jpa.open-in-view to disable this warning
2022-02-05 12:22:06,864 INFO org.springframework.security.web.DefaultSecurityFilterChain [main] Will secure Ant [pattern='/customers/create', POST] with []
2022-02-05 12:22:06,864 INFO org.springframework.security.web.DefaultSecurityFilterChain [main] Will secure Ant [pattern='/experts/create', POST] with []
2022-02-05 12:22:06,949 INFO org.springframework.security.web.DefaultSecurityFilterChain [main] Will secure any request with [org.springframework.security.web.context.request.async.WebAsyncManagerIntegrationFilter@14ea3ecf, org.springframework.security.web.context.SecurityContextPersistenceFilter@154fcedd, org.springframework.security.web.header.HeaderWriterFilter@4d37c996, org.springframework.security.web.authentication.logout.LogoutFilter@70f37190, org.springframework.security.web.authentication.www.BasicAuthenticationFilter@205d6f84, org.springframework.security.web.savedrequest.RequestCacheAwareFilter@458500d1, org.springframework.security.web.servletapi.SecurityContextHolderAwareRequestFilter@55b7f0d, org.springframework.security.web.authentication.AnonymousAuthenticationFilter@74f54f8e, org.springframework.security.web.session.SessionManagementFilter@2f4bc3ff, org.springframework.security.web.access.ExceptionTranslationFilter@678c0310, org.springframework.security.web.access.intercept.FilterSecurityInterceptor@2e9bff08]
2022-02-05 12:22:07,960 INFO org.apache.juli.logging.DirectJDKLog [main] Starting ProtocolHandler ["http-nio-8080"]
2022-02-05 12:22:08,059 INFO org.springframework.boot.web.embedded.tomcat.TomcatWebServer [main] Tomcat started on port(s): 8080 (http) with context path '/api'
2022-02-05 12:22:08,334 INFO org.apache.juli.logging.DirectJDKLog [http-nio-8080-exec-2] Initializing Spring DispatcherServlet 'dispatcherServlet'
2022-02-05 12:22:08,335 INFO org.springframework.web.servlet.FrameworkServlet [http-nio-8080-exec-2] Initializing Servlet 'dispatcherServlet'
2022-02-05 12:22:08,338 INFO org.springframework.web.servlet.FrameworkServlet [http-nio-8080-exec-2] Completed initialization in 3 ms
2022-02-05 12:22:09,562 WARN org.apache.juli.logging.DirectJDKLog [http-nio-8080-exec-2] Creation of SecureRandom instance for session ID generation using [SHA1PRNG] took [214] milliseconds.
2022-02-05 12:22:10,116 INFO org.springframework.boot.StartupInfoLogger [main] Started OnlineServiceApplication in 20.189 seconds (JVM running for 25.857)
2022-02-05 12:23:01,421 INFO com.rostami.onlineservice.aop.LoggingAspect [http-nio-8080-exec-5] Start Execution time of AdService.setAdToDone
2022-02-05 12:23:01,832 INFO com.rostami.onlineservice.aop.LoggingAspect [http-nio-8080-exec-5] Execution time of AdService.setAdToDone :: 388 ms
2022-02-05 12:26:46,341 INFO org.springframework.orm.jpa.AbstractEntityManagerFactoryBean [SpringApplicationShutdownHook] Closing JPA EntityManagerFactory for persistence unit 'default'
2022-02-05 12:26:46,382 INFO com.zaxxer.hikari.HikariDataSource [SpringApplicationShutdownHook] HikariPool-1 - Shutdown initiated...
2022-02-05 12:26:46,473 INFO com.zaxxer.hikari.HikariDataSource [SpringApplicationShutdownHook] HikariPool-1 - Shutdown completed.
2022-02-05 12:27:02,397 INFO org.hibernate.validator.internal.util.Version [background-preinit] HV000001: Hibernate Validator 6.2.0.Final
2022-02-05 12:27:02,448 INFO org.springframework.boot.StartupInfoLogger [main] Starting OnlineServiceApplication using Java 17 on DESKTOP-0Q1PSO0 with PID 13256 (D:\PRAGRAMMING\Codes\java\io\OnlineService\target\classes started by Arash in D:\PRAGRAMMING\Codes\java\io\OnlineService)
2022-02-05 12:27:02,448 DEBUG org.springframework.boot.StartupInfoLogger [main] Running with Spring Boot v2.6.2, Spring v5.3.14
2022-02-05 12:27:02,448 INFO org.springframework.boot.SpringApplication [main] No active profile set, falling back to default profiles: default
2022-02-05 12:27:04,177 INFO org.springframework.data.repository.config.RepositoryConfigurationDelegate [main] Bootstrapping Spring Data JPA repositories in DEFAULT mode.
2022-02-05 12:27:04,402 INFO org.springframework.data.repository.config.RepositoryConfigurationDelegate [main] Finished Spring Data repository scanning in 205 ms. Found 11 JPA repository interfaces.
2022-02-05 12:27:05,677 INFO org.springframework.boot.web.embedded.tomcat.TomcatWebServer [main] Tomcat initialized with port(s): 8080 (http)
2022-02-05 12:27:05,687 INFO org.apache.juli.logging.DirectJDKLog [main] Initializing ProtocolHandler ["http-nio-8080"]
2022-02-05 12:27:05,687 INFO org.apache.juli.logging.DirectJDKLog [main] Starting service [Tomcat]
2022-02-05 12:27:05,687 INFO org.apache.juli.logging.DirectJDKLog [main] Starting Servlet engine: [Apache Tomcat/9.0.56]
2022-02-05 12:27:06,138 INFO org.apache.juli.logging.DirectJDKLog [main] At least one JAR was scanned for TLDs yet contained no TLDs. Enable debug logging for this logger for a complete list of JARs that were scanned but no TLDs were found in them. Skipping unneeded JARs during scanning can improve startup time and JSP compilation time.
2022-02-05 12:27:06,157 INFO org.apache.juli.logging.DirectJDKLog [main] Initializing Spring embedded WebApplicationContext
2022-02-05 12:27:06,157 INFO org.springframework.boot.web.servlet.context.ServletWebServerApplicationContext [main] Root WebApplicationContext: initialization completed in 3599 ms
2022-02-05 12:27:06,478 INFO org.hibernate.jpa.internal.util.LogHelper [main] HHH000204: Processing PersistenceUnitInfo [name: default]
2022-02-05 12:27:06,557 INFO org.hibernate.Version [main] HHH000412: Hibernate ORM core version 5.6.3.Final
2022-02-05 12:27:06,772 INFO org.hibernate.annotations.common.reflection.java.JavaReflectionManager [main] HCANN000001: Hibernate Commons Annotations {5.1.2.Final}
2022-02-05 12:27:06,930 WARN com.zaxxer.hikari.HikariConfig [main] HikariPool-1 - idleTimeout has been set but has no effect because the pool is operating as a fixed size pool.
2022-02-05 12:27:06,930 INFO com.zaxxer.hikari.HikariDataSource [main] HikariPool-1 - Starting...
2022-02-05 12:27:07,527 INFO com.zaxxer.hikari.HikariDataSource [main] HikariPool-1 - Start completed.
2022-02-05 12:27:07,547 INFO org.hibernate.dialect.Dialect [main] HHH000400: Using dialect: org.hibernate.dialect.MySQL5InnoDBDialect
2022-02-05 12:27:09,487 INFO org.hibernate.engine.transaction.jta.platform.internal.JtaPlatformInitiator [main] HHH000490: Using JtaPlatform implementation: [org.hibernate.engine.transaction.jta.platform.internal.NoJtaPlatform]
2022-02-05 12:27:09,498 INFO org.springframework.orm.jpa.AbstractEntityManagerFactoryBean [main] Initialized JPA EntityManagerFactory for persistence unit 'default'
2022-02-05 12:27:10,498 WARN org.springframework.boot.autoconfigure.orm.jpa.JpaBaseConfiguration$JpaWebConfiguration [main] spring.jpa.open-in-view is enabled by default. Therefore, database queries may be performed during view rendering. Explicitly configure spring.jpa.open-in-view to disable this warning
2022-02-05 12:27:12,827 INFO org.springframework.security.web.DefaultSecurityFilterChain [main] Will secure Ant [pattern='/customers/create', POST] with []
2022-02-05 12:27:12,827 INFO org.springframework.security.web.DefaultSecurityFilterChain [main] Will secure Ant [pattern='/experts/create', POST] with []
2022-02-05 12:27:12,917 INFO org.springframework.security.web.DefaultSecurityFilterChain [main] Will secure any request with [org.springframework.security.web.context.request.async.WebAsyncManagerIntegrationFilter@690113f0, org.springframework.security.web.context.SecurityContextPersistenceFilter@72fc6b5e, org.springframework.security.web.header.HeaderWriterFilter@420c9959, org.springframework.security.web.authentication.logout.LogoutFilter@154fcedd, org.springframework.security.web.authentication.www.BasicAuthenticationFilter@70799ca7, org.springframework.security.web.savedrequest.RequestCacheAwareFilter@9214725, org.springframework.security.web.servletapi.SecurityContextHolderAwareRequestFilter@3678f32e, org.springframework.security.web.authentication.AnonymousAuthenticationFilter@509e4d53, org.springframework.security.web.session.SessionManagementFilter@5d3a147f, org.springframework.security.web.access.ExceptionTranslationFilter@63b85d97, org.springframework.security.web.access.intercept.FilterSecurityInterceptor@fffb4a8]
2022-02-05 12:27:13,737 INFO org.apache.juli.logging.DirectJDKLog [main] Starting ProtocolHandler ["http-nio-8080"]
2022-02-05 12:27:13,778 INFO org.springframework.boot.web.embedded.tomcat.TomcatWebServer [main] Tomcat started on port(s): 8080 (http) with context path '/api'
2022-02-05 12:27:14,827 INFO org.springframework.boot.StartupInfoLogger [main] Started OnlineServiceApplication in 13.426 seconds (JVM running for 16.075)
2022-02-05 12:27:23,688 INFO org.apache.juli.logging.DirectJDKLog [http-nio-8080-exec-1] Initializing Spring DispatcherServlet 'dispatcherServlet'
2022-02-05 12:27:23,689 INFO org.springframework.web.servlet.FrameworkServlet [http-nio-8080-exec-1] Initializing Servlet 'dispatcherServlet'
2022-02-05 12:27:23,690 INFO org.springframework.web.servlet.FrameworkServlet [http-nio-8080-exec-1] Completed initialization in 1 ms
2022-02-05 12:27:24,346 INFO com.rostami.onlineservice.aop.LoggingAspect [http-nio-8080-exec-1] Start Execution time of AdService.setAdToDone
2022-02-05 12:27:24,462 INFO com.rostami.onlineservice.aop.LoggingAspect [http-nio-8080-exec-1] Execution time of AdService.setAdToDone :: 107 ms
2022-02-05 12:28:26,268 INFO org.springframework.orm.jpa.AbstractEntityManagerFactoryBean [SpringApplicationShutdownHook] Closing JPA EntityManagerFactory for persistence unit 'default'
2022-02-05 12:28:26,278 INFO com.zaxxer.hikari.HikariDataSource [SpringApplicationShutdownHook] HikariPool-1 - Shutdown initiated...
2022-02-05 12:28:26,313 INFO com.zaxxer.hikari.HikariDataSource [SpringApplicationShutdownHook] HikariPool-1 - Shutdown completed.
