2022-02-07 23:48:20,558 INFO org.hibernate.validator.internal.util.Version [background-preinit] HV000001: Hibernate Validator 6.2.0.Final
2022-02-07 23:48:20,640 INFO org.springframework.boot.StartupInfoLogger [main] Starting OnlineServiceApplication using Java 17 on DESKTOP-0Q1PSO0 with PID 4352 (D:\PRAGRAMMING\Codes\java\io\OnlineService\target\classes started by Arash in D:\PRAGRAMMING\Codes\java\io\OnlineService)
2022-02-07 23:48:20,640 INFO org.springframework.boot.SpringApplication [main] No active profile set, falling back to default profiles: default
2022-02-07 23:48:23,364 INFO org.springframework.data.repository.config.RepositoryConfigurationDelegate [main] Bootstrapping Spring Data JPA repositories in DEFAULT mode.
2022-02-07 23:48:23,611 INFO org.springframework.data.repository.config.RepositoryConfigurationDelegate [main] Finished Spring Data repository scanning in 225 ms. Found 12 JPA repository interfaces.
2022-02-07 23:48:24,921 INFO org.springframework.boot.web.embedded.tomcat.TomcatWebServer [main] Tomcat initialized with port(s): 8080 (http)
2022-02-07 23:48:24,937 INFO org.apache.juli.logging.DirectJDKLog [main] Initializing ProtocolHandler ["http-nio-8080"]
2022-02-07 23:48:24,937 INFO org.apache.juli.logging.DirectJDKLog [main] Starting service [Tomcat]
2022-02-07 23:48:24,937 INFO org.apache.juli.logging.DirectJDKLog [main] Starting Servlet engine: [Apache Tomcat/9.0.56]
2022-02-07 23:48:25,369 INFO org.apache.juli.logging.DirectJDKLog [main] At least one JAR was scanned for TLDs yet contained no TLDs. Enable debug logging for this logger for a complete list of JARs that were scanned but no TLDs were found in them. Skipping unneeded JARs during scanning can improve startup time and JSP compilation time.
2022-02-07 23:48:25,384 INFO org.apache.juli.logging.DirectJDKLog [main] Initializing Spring embedded WebApplicationContext
2022-02-07 23:48:25,384 INFO org.springframework.boot.web.servlet.context.ServletWebServerApplicationContext [main] Root WebApplicationContext: initialization completed in 4438 ms
2022-02-07 23:48:25,801 INFO org.hibernate.jpa.internal.util.LogHelper [main] HHH000204: Processing PersistenceUnitInfo [name: default]
2022-02-07 23:48:25,901 INFO org.hibernate.Version [main] HHH000412: Hibernate ORM core version 5.6.3.Final
2022-02-07 23:48:26,124 INFO org.hibernate.annotations.common.reflection.java.JavaReflectionManager [main] HCANN000001: Hibernate Commons Annotations {5.1.2.Final}
2022-02-07 23:48:26,318 WARN com.zaxxer.hikari.HikariConfig [main] HikariPool-1 - idleTimeout has been set but has no effect because the pool is operating as a fixed size pool.
2022-02-07 23:48:26,318 INFO com.zaxxer.hikari.HikariDataSource [main] HikariPool-1 - Starting...
2022-02-07 23:48:27,332 INFO com.zaxxer.hikari.HikariDataSource [main] HikariPool-1 - Start completed.
2022-02-07 23:48:27,360 INFO org.hibernate.dialect.Dialect [main] HHH000400: Using dialect: org.hibernate.dialect.MySQL5InnoDBDialect
2022-02-07 23:48:29,579 INFO org.hibernate.engine.transaction.jta.platform.internal.JtaPlatformInitiator [main] HHH000490: Using JtaPlatform implementation: [org.hibernate.engine.transaction.jta.platform.internal.NoJtaPlatform]
2022-02-07 23:48:29,595 INFO org.springframework.orm.jpa.AbstractEntityManagerFactoryBean [main] Initialized JPA EntityManagerFactory for persistence unit 'default'
2022-02-07 23:48:30,814 WARN org.springframework.boot.autoconfigure.orm.jpa.JpaBaseConfiguration$JpaWebConfiguration [main] spring.jpa.open-in-view is enabled by default. Therefore, database queries may be performed during view rendering. Explicitly configure spring.jpa.open-in-view to disable this warning
2022-02-07 23:48:31,489 WARN org.springframework.context.support.AbstractApplicationContext [main] Exception encountered during context initialization - cancelling refresh attempt: org.springframework.beans.factory.UnsatisfiedDependencyException: Error creating bean with name 'adminController' defined in file [D:\PRAGRAMMING\Codes\java\io\OnlineService\target\classes\com\rostami\onlineservice\controller\AdminController.class]: Unsatisfied dependency expressed through constructor parameter 0; nested exception is org.springframework.beans.factory.UnsatisfiedDependencyException: Error creating bean with name 'adminService' defined in file [D:\PRAGRAMMING\Codes\java\io\OnlineService\target\classes\com\rostami\onlineservice\service\AdminService.class]: Unsatisfied dependency expressed through constructor parameter 1; nested exception is org.springframework.beans.factory.UnsatisfiedDependencyException: Error creating bean with name 'registrationService' defined in file [D:\PRAGRAMMING\Codes\java\io\OnlineService\target\classes\com\rostami\onlineservice\service\registration\RegistrationService.class]: Unsatisfied dependency expressed through constructor parameter 2; nested exception is org.springframework.beans.factory.UnsatisfiedDependencyException: Error creating bean with name 'customerService' defined in file [D:\PRAGRAMMING\Codes\java\io\OnlineService\target\classes\com\rostami\onlineservice\service\CustomerService.class]: Unsatisfied dependency expressed through constructor parameter 1; nested exception is org.springframework.beans.factory.UnsatisfiedDependencyException: Error creating bean with name 'expertService' defined in file [D:\PRAGRAMMING\Codes\java\io\OnlineService\target\classes\com\rostami\onlineservice\service\ExpertService.class]: Unsatisfied dependency expressed through constructor parameter 4; nested exception is org.springframework.beans.factory.BeanCurrentlyInCreationException: Error creating bean with name 'registrationService': Requested bean is currently in creation: Is there an unresolvable circular reference?
2022-02-07 23:48:31,489 INFO org.springframework.orm.jpa.AbstractEntityManagerFactoryBean [main] Closing JPA EntityManagerFactory for persistence unit 'default'
2022-02-07 23:48:31,489 INFO com.zaxxer.hikari.HikariDataSource [main] HikariPool-1 - Shutdown initiated...
2022-02-07 23:48:31,511 INFO com.zaxxer.hikari.HikariDataSource [main] HikariPool-1 - Shutdown completed.
2022-02-07 23:48:31,511 INFO org.apache.juli.logging.DirectJDKLog [main] Stopping service [Tomcat]
2022-02-07 23:48:31,527 INFO org.springframework.boot.autoconfigure.logging.ConditionEvaluationReportLoggingListener [main] 

Error starting ApplicationContext. To display the conditions report re-run your application with 'debug' enabled.
2022-02-07 23:48:31,558 ERROR org.springframework.boot.diagnostics.LoggingFailureAnalysisReporter [main] 

***************************
APPLICATION FAILED TO START
***************************

Description:

The dependencies of some of the beans in the application context form a cycle:

   adminController defined in file [D:\PRAGRAMMING\Codes\java\io\OnlineService\target\classes\com\rostami\onlineservice\controller\AdminController.class]
      ↓
   adminService defined in file [D:\PRAGRAMMING\Codes\java\io\OnlineService\target\classes\com\rostami\onlineservice\service\AdminService.class]
┌─────┐
|  registrationService defined in file [D:\PRAGRAMMING\Codes\java\io\OnlineService\target\classes\com\rostami\onlineservice\service\registration\RegistrationService.class]
↑     ↓
|  customerService defined in file [D:\PRAGRAMMING\Codes\java\io\OnlineService\target\classes\com\rostami\onlineservice\service\CustomerService.class]
↑     ↓
|  expertService defined in file [D:\PRAGRAMMING\Codes\java\io\OnlineService\target\classes\com\rostami\onlineservice\service\ExpertService.class]
└─────┘


Action:

Relying upon circular references is discouraged and they are prohibited by default. Update your application to remove the dependency cycle between beans. As a last resort, it may be possible to break the cycle automatically by setting spring.main.allow-circular-references to true.

2022-02-07 23:49:02,324 INFO org.hibernate.validator.internal.util.Version [background-preinit] HV000001: Hibernate Validator 6.2.0.Final
2022-02-07 23:49:02,364 INFO org.springframework.boot.StartupInfoLogger [main] Starting OnlineServiceApplication using Java 17 on DESKTOP-0Q1PSO0 with PID 9144 (D:\PRAGRAMMING\Codes\java\io\OnlineService\target\classes started by Arash in D:\PRAGRAMMING\Codes\java\io\OnlineService)
2022-02-07 23:49:02,364 INFO org.springframework.boot.SpringApplication [main] No active profile set, falling back to default profiles: default
2022-02-07 23:49:04,500 INFO org.springframework.data.repository.config.RepositoryConfigurationDelegate [main] Bootstrapping Spring Data JPA repositories in DEFAULT mode.
2022-02-07 23:49:04,718 INFO org.springframework.data.repository.config.RepositoryConfigurationDelegate [main] Finished Spring Data repository scanning in 211 ms. Found 12 JPA repository interfaces.
2022-02-07 23:49:06,015 INFO org.springframework.boot.web.embedded.tomcat.TomcatWebServer [main] Tomcat initialized with port(s): 8080 (http)
2022-02-07 23:49:06,031 INFO org.apache.juli.logging.DirectJDKLog [main] Initializing ProtocolHandler ["http-nio-8080"]
2022-02-07 23:49:06,031 INFO org.apache.juli.logging.DirectJDKLog [main] Starting service [Tomcat]
2022-02-07 23:49:06,031 INFO org.apache.juli.logging.DirectJDKLog [main] Starting Servlet engine: [Apache Tomcat/9.0.56]
2022-02-07 23:49:06,508 INFO org.apache.juli.logging.DirectJDKLog [main] At least one JAR was scanned for TLDs yet contained no TLDs. Enable debug logging for this logger for a complete list of JARs that were scanned but no TLDs were found in them. Skipping unneeded JARs during scanning can improve startup time and JSP compilation time.
2022-02-07 23:49:06,533 INFO org.apache.juli.logging.DirectJDKLog [main] Initializing Spring embedded WebApplicationContext
2022-02-07 23:49:06,533 INFO org.springframework.boot.web.servlet.context.ServletWebServerApplicationContext [main] Root WebApplicationContext: initialization completed in 4079 ms
2022-02-07 23:49:06,897 INFO org.hibernate.jpa.internal.util.LogHelper [main] HHH000204: Processing PersistenceUnitInfo [name: default]
2022-02-07 23:49:06,966 INFO org.hibernate.Version [main] HHH000412: Hibernate ORM core version 5.6.3.Final
2022-02-07 23:49:07,182 INFO org.hibernate.annotations.common.reflection.java.JavaReflectionManager [main] HCANN000001: Hibernate Commons Annotations {5.1.2.Final}
2022-02-07 23:49:07,381 WARN com.zaxxer.hikari.HikariConfig [main] HikariPool-1 - idleTimeout has been set but has no effect because the pool is operating as a fixed size pool.
2022-02-07 23:49:07,383 INFO com.zaxxer.hikari.HikariDataSource [main] HikariPool-1 - Starting...
2022-02-07 23:49:07,981 INFO com.zaxxer.hikari.HikariDataSource [main] HikariPool-1 - Start completed.
2022-02-07 23:49:08,019 INFO org.hibernate.dialect.Dialect [main] HHH000400: Using dialect: org.hibernate.dialect.MySQL5InnoDBDialect
2022-02-07 23:49:09,996 INFO org.hibernate.engine.transaction.jta.platform.internal.JtaPlatformInitiator [main] HHH000490: Using JtaPlatform implementation: [org.hibernate.engine.transaction.jta.platform.internal.NoJtaPlatform]
2022-02-07 23:49:10,002 INFO org.springframework.orm.jpa.AbstractEntityManagerFactoryBean [main] Initialized JPA EntityManagerFactory for persistence unit 'default'
2022-02-07 23:49:11,306 WARN org.springframework.boot.autoconfigure.orm.jpa.JpaBaseConfiguration$JpaWebConfiguration [main] spring.jpa.open-in-view is enabled by default. Therefore, database queries may be performed during view rendering. Explicitly configure spring.jpa.open-in-view to disable this warning
2022-02-07 23:49:12,124 WARN org.springframework.context.support.AbstractApplicationContext [main] Exception encountered during context initialization - cancelling refresh attempt: org.springframework.beans.factory.UnsatisfiedDependencyException: Error creating bean with name 'adminController' defined in file [D:\PRAGRAMMING\Codes\java\io\OnlineService\target\classes\com\rostami\onlineservice\controller\AdminController.class]: Unsatisfied dependency expressed through constructor parameter 0; nested exception is org.springframework.beans.factory.UnsatisfiedDependencyException: Error creating bean with name 'adminService' defined in file [D:\PRAGRAMMING\Codes\java\io\OnlineService\target\classes\com\rostami\onlineservice\service\AdminService.class]: Unsatisfied dependency expressed through constructor parameter 1; nested exception is org.springframework.beans.factory.UnsatisfiedDependencyException: Error creating bean with name 'registrationService' defined in file [D:\PRAGRAMMING\Codes\java\io\OnlineService\target\classes\com\rostami\onlineservice\service\registration\RegistrationService.class]: Unsatisfied dependency expressed through constructor parameter 2; nested exception is org.springframework.beans.factory.UnsatisfiedDependencyException: Error creating bean with name 'customerService' defined in file [D:\PRAGRAMMING\Codes\java\io\OnlineService\target\classes\com\rostami\onlineservice\service\CustomerService.class]: Unsatisfied dependency expressed through constructor parameter 1; nested exception is org.springframework.beans.factory.UnsatisfiedDependencyException: Error creating bean with name 'expertService' defined in file [D:\PRAGRAMMING\Codes\java\io\OnlineService\target\classes\com\rostami\onlineservice\service\ExpertService.class]: Unsatisfied dependency expressed through constructor parameter 4; nested exception is org.springframework.beans.factory.BeanCurrentlyInCreationException: Error creating bean with name 'registrationService': Requested bean is currently in creation: Is there an unresolvable circular reference?
2022-02-07 23:49:12,140 INFO org.springframework.orm.jpa.AbstractEntityManagerFactoryBean [main] Closing JPA EntityManagerFactory for persistence unit 'default'
2022-02-07 23:49:12,140 INFO com.zaxxer.hikari.HikariDataSource [main] HikariPool-1 - Shutdown initiated...
2022-02-07 23:49:12,155 INFO com.zaxxer.hikari.HikariDataSource [main] HikariPool-1 - Shutdown completed.
2022-02-07 23:49:12,155 INFO org.apache.juli.logging.DirectJDKLog [main] Stopping service [Tomcat]
2022-02-07 23:49:12,186 INFO org.springframework.boot.autoconfigure.logging.ConditionEvaluationReportLoggingListener [main] 

Error starting ApplicationContext. To display the conditions report re-run your application with 'debug' enabled.
2022-02-07 23:49:12,224 ERROR org.springframework.boot.diagnostics.LoggingFailureAnalysisReporter [main] 

***************************
APPLICATION FAILED TO START
***************************

Description:

The dependencies of some of the beans in the application context form a cycle:

   adminController defined in file [D:\PRAGRAMMING\Codes\java\io\OnlineService\target\classes\com\rostami\onlineservice\controller\AdminController.class]
      ↓
   adminService defined in file [D:\PRAGRAMMING\Codes\java\io\OnlineService\target\classes\com\rostami\onlineservice\service\AdminService.class]
┌─────┐
|  registrationService defined in file [D:\PRAGRAMMING\Codes\java\io\OnlineService\target\classes\com\rostami\onlineservice\service\registration\RegistrationService.class]
↑     ↓
|  customerService defined in file [D:\PRAGRAMMING\Codes\java\io\OnlineService\target\classes\com\rostami\onlineservice\service\CustomerService.class]
↑     ↓
|  expertService defined in file [D:\PRAGRAMMING\Codes\java\io\OnlineService\target\classes\com\rostami\onlineservice\service\ExpertService.class]
└─────┘


Action:

Relying upon circular references is discouraged and they are prohibited by default. Update your application to remove the dependency cycle between beans. As a last resort, it may be possible to break the cycle automatically by setting spring.main.allow-circular-references to true.

2022-02-07 23:56:45,950 INFO org.hibernate.validator.internal.util.Version [background-preinit] HV000001: Hibernate Validator 6.2.0.Final
2022-02-07 23:56:46,093 INFO org.springframework.boot.StartupInfoLogger [main] Starting OnlineServiceApplication using Java 17 on DESKTOP-0Q1PSO0 with PID 5300 (D:\PRAGRAMMING\Codes\java\io\OnlineService\target\classes started by Arash in D:\PRAGRAMMING\Codes\java\io\OnlineService)
2022-02-07 23:56:46,093 INFO org.springframework.boot.SpringApplication [main] No active profile set, falling back to default profiles: default
2022-02-07 23:56:48,872 INFO org.springframework.data.repository.config.RepositoryConfigurationDelegate [main] Bootstrapping Spring Data JPA repositories in DEFAULT mode.
2022-02-07 23:56:49,176 INFO org.springframework.data.repository.config.RepositoryConfigurationDelegate [main] Finished Spring Data repository scanning in 273 ms. Found 12 JPA repository interfaces.
2022-02-07 23:56:51,748 INFO org.springframework.boot.web.embedded.tomcat.TomcatWebServer [main] Tomcat initialized with port(s): 8080 (http)
2022-02-07 23:56:51,771 INFO org.apache.juli.logging.DirectJDKLog [main] Initializing ProtocolHandler ["http-nio-8080"]
2022-02-07 23:56:51,771 INFO org.apache.juli.logging.DirectJDKLog [main] Starting service [Tomcat]
2022-02-07 23:56:51,771 INFO org.apache.juli.logging.DirectJDKLog [main] Starting Servlet engine: [Apache Tomcat/9.0.56]
2022-02-07 23:56:53,007 INFO org.apache.juli.logging.DirectJDKLog [main] At least one JAR was scanned for TLDs yet contained no TLDs. Enable debug logging for this logger for a complete list of JARs that were scanned but no TLDs were found in them. Skipping unneeded JARs during scanning can improve startup time and JSP compilation time.
2022-02-07 23:56:53,095 INFO org.apache.juli.logging.DirectJDKLog [main] Initializing Spring embedded WebApplicationContext
2022-02-07 23:56:53,095 INFO org.springframework.boot.web.servlet.context.ServletWebServerApplicationContext [main] Root WebApplicationContext: initialization completed in 6865 ms
2022-02-07 23:56:54,095 INFO org.hibernate.jpa.internal.util.LogHelper [main] HHH000204: Processing PersistenceUnitInfo [name: default]
2022-02-07 23:56:54,279 INFO org.hibernate.Version [main] HHH000412: Hibernate ORM core version 5.6.3.Final
2022-02-07 23:56:54,819 INFO org.hibernate.annotations.common.reflection.java.JavaReflectionManager [main] HCANN000001: Hibernate Commons Annotations {5.1.2.Final}
2022-02-07 23:56:55,118 WARN com.zaxxer.hikari.HikariConfig [main] HikariPool-1 - idleTimeout has been set but has no effect because the pool is operating as a fixed size pool.
2022-02-07 23:56:55,118 INFO com.zaxxer.hikari.HikariDataSource [main] HikariPool-1 - Starting...
2022-02-07 23:56:56,173 INFO com.zaxxer.hikari.HikariDataSource [main] HikariPool-1 - Start completed.
2022-02-07 23:56:56,219 INFO org.hibernate.dialect.Dialect [main] HHH000400: Using dialect: org.hibernate.dialect.MySQL5InnoDBDialect
2022-02-07 23:56:59,033 INFO org.hibernate.engine.transaction.jta.platform.internal.JtaPlatformInitiator [main] HHH000490: Using JtaPlatform implementation: [org.hibernate.engine.transaction.jta.platform.internal.NoJtaPlatform]
2022-02-07 23:56:59,048 INFO org.springframework.orm.jpa.AbstractEntityManagerFactoryBean [main] Initialized JPA EntityManagerFactory for persistence unit 'default'
2022-02-07 23:57:00,438 WARN org.springframework.boot.autoconfigure.orm.jpa.JpaBaseConfiguration$JpaWebConfiguration [main] spring.jpa.open-in-view is enabled by default. Therefore, database queries may be performed during view rendering. Explicitly configure spring.jpa.open-in-view to disable this warning
2022-02-07 23:57:03,988 INFO org.springframework.security.web.DefaultSecurityFilterChain [main] Will secure Ant [pattern='/customers/sign-up', POST] with []
2022-02-07 23:57:04,004 INFO org.springframework.security.web.DefaultSecurityFilterChain [main] Will secure Ant [pattern='/experts/sign-up', POST] with []
2022-02-07 23:57:04,004 INFO org.springframework.security.web.DefaultSecurityFilterChain [main] Will secure Ant [pattern='/registration/confirm', GET] with []
2022-02-07 23:57:04,004 INFO org.springframework.security.web.DefaultSecurityFilterChain [main] Will secure Ant [pattern='/authentication/authenticate', POST] with []
2022-02-07 23:57:04,082 INFO org.springframework.security.web.DefaultSecurityFilterChain [main] Will secure any request with [org.springframework.security.web.context.request.async.WebAsyncManagerIntegrationFilter@7b0d88e0, org.springframework.security.web.context.SecurityContextPersistenceFilter@225d93aa, org.springframework.security.web.header.HeaderWriterFilter@20dfe8b2, org.springframework.security.web.authentication.logout.LogoutFilter@4f9191c1, com.rostami.onlineservice.controller.auth.request.filter.JwtRequestFilter@11e75942, org.springframework.security.web.savedrequest.RequestCacheAwareFilter@59d8a968, org.springframework.security.web.servletapi.SecurityContextHolderAwareRequestFilter@4f876114, org.springframework.security.web.authentication.AnonymousAuthenticationFilter@724e483f, org.springframework.security.web.session.SessionManagementFilter@5d9639bb, org.springframework.security.web.access.ExceptionTranslationFilter@81f9b01, org.springframework.security.web.access.intercept.FilterSecurityInterceptor@6b9ce7a3]
2022-02-07 23:57:05,060 INFO org.apache.juli.logging.DirectJDKLog [main] Starting ProtocolHandler ["http-nio-8080"]
2022-02-07 23:57:05,144 INFO org.springframework.boot.web.embedded.tomcat.TomcatWebServer [main] Tomcat started on port(s): 8080 (http) with context path '/api'
2022-02-07 23:57:10,733 INFO org.springframework.boot.StartupInfoLogger [main] Started OnlineServiceApplication in 26.466 seconds (JVM running for 30.413)
2022-02-07 23:57:49,007 INFO org.apache.juli.logging.DirectJDKLog [http-nio-8080-exec-2] Initializing Spring DispatcherServlet 'dispatcherServlet'
2022-02-07 23:57:49,007 INFO org.springframework.web.servlet.FrameworkServlet [http-nio-8080-exec-2] Initializing Servlet 'dispatcherServlet'
2022-02-07 23:57:49,051 INFO org.springframework.web.servlet.FrameworkServlet [http-nio-8080-exec-2] Completed initialization in 44 ms
