2022-02-04 00:28:31,430 WARN com.zaxxer.hikari.pool.HikariPool$HouseKeeper [HikariPool-1 housekeeper] HikariPool-1 - Thread starvation or clock leap detected (housekeeper delta=3h33m55s741ms845µs100ns).
2022-02-04 00:59:49,555 INFO org.springframework.orm.jpa.AbstractEntityManagerFactoryBean [SpringApplicationShutdownHook] Closing JPA EntityManagerFactory for persistence unit 'default'
2022-02-04 00:59:49,771 INFO com.zaxxer.hikari.HikariDataSource [SpringApplicationShutdownHook] HikariPool-1 - Shutdown initiated...
2022-02-04 00:59:49,903 INFO com.zaxxer.hikari.HikariDataSource [SpringApplicationShutdownHook] HikariPool-1 - Shutdown completed.
2022-02-04 10:30:27,273 INFO org.hibernate.validator.internal.util.Version [background-preinit] HV000001: Hibernate Validator 6.2.0.Final
2022-02-04 10:30:28,218 INFO org.springframework.boot.StartupInfoLogger [main] Starting OnlineServiceApplication using Java 17 on DESKTOP-0Q1PSO0 with PID 3688 (D:\PRAGRAMMING\Codes\java\io\OnlineService\target\classes started by Arash in D:\PRAGRAMMING\Codes\java\io\OnlineService)
2022-02-04 10:30:28,223 DEBUG org.springframework.boot.StartupInfoLogger [main] Running with Spring Boot v2.6.2, Spring v5.3.14
2022-02-04 10:30:28,223 INFO org.springframework.boot.SpringApplication [main] No active profile set, falling back to default profiles: default
2022-02-04 10:30:46,423 INFO org.springframework.data.repository.config.RepositoryConfigurationDelegate [main] Bootstrapping Spring Data JPA repositories in DEFAULT mode.
2022-02-04 10:30:46,823 INFO org.springframework.data.repository.config.RepositoryConfigurationDelegate [main] Finished Spring Data repository scanning in 368 ms. Found 11 JPA repository interfaces.
2022-02-04 10:30:51,564 INFO org.springframework.boot.web.embedded.tomcat.TomcatWebServer [main] Tomcat initialized with port(s): 8080 (http)
2022-02-04 10:30:51,588 INFO org.apache.juli.logging.DirectJDKLog [main] Initializing ProtocolHandler ["http-nio-8080"]
2022-02-04 10:30:51,588 INFO org.apache.juli.logging.DirectJDKLog [main] Starting service [Tomcat]
2022-02-04 10:30:51,588 INFO org.apache.juli.logging.DirectJDKLog [main] Starting Servlet engine: [Apache Tomcat/9.0.56]
2022-02-04 10:30:52,638 INFO org.apache.juli.logging.DirectJDKLog [main] At least one JAR was scanned for TLDs yet contained no TLDs. Enable debug logging for this logger for a complete list of JARs that were scanned but no TLDs were found in them. Skipping unneeded JARs during scanning can improve startup time and JSP compilation time.
2022-02-04 10:30:52,730 INFO org.apache.juli.logging.DirectJDKLog [main] Initializing Spring embedded WebApplicationContext
2022-02-04 10:30:52,730 INFO org.springframework.boot.web.servlet.context.ServletWebServerApplicationContext [main] Root WebApplicationContext: initialization completed in 22537 ms
2022-02-04 10:30:54,453 INFO org.hibernate.jpa.internal.util.LogHelper [main] HHH000204: Processing PersistenceUnitInfo [name: default]
2022-02-04 10:30:54,568 INFO org.hibernate.Version [main] HHH000412: Hibernate ORM core version 5.6.3.Final
2022-02-04 10:30:54,968 INFO org.hibernate.annotations.common.reflection.java.JavaReflectionManager [main] HCANN000001: Hibernate Commons Annotations {5.1.2.Final}
2022-02-04 10:30:55,268 WARN com.zaxxer.hikari.HikariConfig [main] HikariPool-1 - idleTimeout has been set but has no effect because the pool is operating as a fixed size pool.
2022-02-04 10:30:55,268 INFO com.zaxxer.hikari.HikariDataSource [main] HikariPool-1 - Starting...
2022-02-04 10:30:57,238 INFO com.zaxxer.hikari.HikariDataSource [main] HikariPool-1 - Start completed.
2022-02-04 10:30:57,278 INFO org.hibernate.dialect.Dialect [main] HHH000400: Using dialect: org.hibernate.dialect.MySQL5InnoDBDialect
2022-02-04 10:31:02,124 INFO org.hibernate.engine.transaction.jta.platform.internal.JtaPlatformInitiator [main] HHH000490: Using JtaPlatform implementation: [org.hibernate.engine.transaction.jta.platform.internal.NoJtaPlatform]
2022-02-04 10:31:02,138 INFO org.springframework.orm.jpa.AbstractEntityManagerFactoryBean [main] Initialized JPA EntityManagerFactory for persistence unit 'default'
2022-02-04 10:31:04,268 WARN org.springframework.boot.autoconfigure.orm.jpa.JpaBaseConfiguration$JpaWebConfiguration [main] spring.jpa.open-in-view is enabled by default. Therefore, database queries may be performed during view rendering. Explicitly configure spring.jpa.open-in-view to disable this warning
2022-02-04 10:31:09,618 INFO org.springframework.security.web.DefaultSecurityFilterChain [main] Will secure Ant [pattern='/customers/create', POST] with []
2022-02-04 10:31:09,618 INFO org.springframework.security.web.DefaultSecurityFilterChain [main] Will secure Ant [pattern='/experts/create', POST] with []
2022-02-04 10:31:09,753 INFO org.springframework.security.web.DefaultSecurityFilterChain [main] Will secure any request with [org.springframework.security.web.context.request.async.WebAsyncManagerIntegrationFilter@7b5e1b16, org.springframework.security.web.context.SecurityContextPersistenceFilter@1418a1bd, org.springframework.security.web.header.HeaderWriterFilter@6aeb769d, org.springframework.security.web.authentication.logout.LogoutFilter@1b5df8b7, org.springframework.security.web.authentication.www.BasicAuthenticationFilter@197c3101, org.springframework.security.web.savedrequest.RequestCacheAwareFilter@628af295, org.springframework.security.web.servletapi.SecurityContextHolderAwareRequestFilter@5f67ff3e, org.springframework.security.web.authentication.AnonymousAuthenticationFilter@4d65fbad, org.springframework.security.web.session.SessionManagementFilter@5c6ee543, org.springframework.security.web.access.ExceptionTranslationFilter@31e5d408, org.springframework.security.web.access.intercept.FilterSecurityInterceptor@cfe881a]
2022-02-04 10:31:10,948 INFO org.apache.juli.logging.DirectJDKLog [main] Starting ProtocolHandler ["http-nio-8080"]
2022-02-04 10:31:11,063 INFO org.springframework.boot.web.embedded.tomcat.TomcatWebServer [main] Tomcat started on port(s): 8080 (http) with context path '/api'
2022-02-04 10:31:13,373 INFO org.springframework.boot.StartupInfoLogger [main] Started OnlineServiceApplication in 51.828 seconds (JVM running for 57.763)
2022-02-04 10:34:04,898 INFO org.apache.juli.logging.DirectJDKLog [http-nio-8080-exec-2] Initializing Spring DispatcherServlet 'dispatcherServlet'
2022-02-04 10:34:04,898 INFO org.springframework.web.servlet.FrameworkServlet [http-nio-8080-exec-2] Initializing Servlet 'dispatcherServlet'
2022-02-04 10:34:04,908 INFO org.springframework.web.servlet.FrameworkServlet [http-nio-8080-exec-2] Completed initialization in 0 ms
2022-02-04 10:34:56,314 WARN org.apache.juli.logging.DirectJDKLog [http-nio-8080-exec-5] Creation of SecureRandom instance for session ID generation using [SHA1PRNG] took [186] milliseconds.
2022-02-04 11:37:43,271 INFO org.springframework.orm.jpa.AbstractEntityManagerFactoryBean [SpringApplicationShutdownHook] Closing JPA EntityManagerFactory for persistence unit 'default'
2022-02-04 11:37:43,287 INFO com.zaxxer.hikari.HikariDataSource [SpringApplicationShutdownHook] HikariPool-1 - Shutdown initiated...
2022-02-04 11:37:43,302 INFO com.zaxxer.hikari.HikariDataSource [SpringApplicationShutdownHook] HikariPool-1 - Shutdown completed.
